<?xml version="1.0" encoding="UTF-8"?>
<!-- Generated by org.testng.reporters.JUnitReportReporter -->
<testsuite hostname="DESKTOP-NQMJ256" failures="0" tests="5" name="Test_case.Test_Case_Home" time="131.883" errors="0" timestamp="2022-07-05T18:32:37 IST" skipped="0">
  <testcase classname="Test_case.Test_Case_Home" name="Home_TC1" time="33.179"/>
  <system-out/>
  <testcase classname="Test_case.Test_Case_Home" name="Home_TC2" time="24.601"/>
  <system-out/>
  <testcase classname="Test_case.Test_Case_Home" name="Home_TC3" time="25.041"/>
  <system-out/>
  <testcase classname="Test_case.Test_Case_Home" name="Home_TC4" time="25.639"/>
  <system-out/>
  <testcase classname="Test_case.Test_Case_Home" name="Home_TC5" time="23.423"/>
  <system-out/>
</testsuite> <!-- Test_case.Test_Case_Home -->
