<?xml version="1.0" encoding="UTF-8"?>
<!-- Generated by org.testng.reporters.JUnitReportReporter -->
<testsuite hostname="DESKTOP-NQMJ256" failures="0" tests="3" name="Test_case.Test_Case_Contact" time="158.041" errors="0" timestamp="2022-07-08T13:00:44 IST" skipped="0">
  <testcase classname="Test_case.Test_Case_Contact" name="Contact_TC_1" time="39.677"/>
  <system-out/>
  <testcase classname="Test_case.Test_Case_Contact" name="Contact_TC_2" time="56.214"/>
  <system-out/>
  <testcase classname="Test_case.Test_Case_Contact" name="Contact_TC_3" time="62.150"/>
  <system-out/>
</testsuite> <!-- Test_case.Test_Case_Contact -->
