<?xml version="1.0" encoding="UTF-8"?>
<!-- Generated by org.testng.reporters.JUnitReportReporter -->
<testsuite hostname="DESKTOP-NQMJ256" failures="0" tests="5" name="Test_case.Test_Case_Login" time="112.015" errors="0" timestamp="2022-07-26T19:26:03 IST" skipped="0">
  <testcase classname="Test_case.Test_Case_Login" name="Login_TC_1" time="16.012"/>
  <system-out/>
  <testcase classname="Test_case.Test_Case_Login" name="Login_TC_2" time="15.563"/>
  <system-out/>
  <testcase classname="Test_case.Test_Case_Login" name="Login_TC_3" time="12.554"/>
  <system-out/>
  <testcase classname="Test_case.Test_Case_Login" name="Login_TC_4" time="27.452"/>
  <system-out/>
  <testcase classname="Test_case.Test_Case_Login" name="Login_TC_5" time="40.434"/>
  <system-out/>
</testsuite> <!-- Test_case.Test_Case_Login -->
