<?xml version="1.0" encoding="UTF-8"?>
<!-- Generated by org.testng.reporters.JUnitReportReporter -->
<testsuite hostname="DESKTOP-NQMJ256" failures="0" tests="5" name="Test_case.Test_Case_Login" time="98.922" errors="0" timestamp="2022-07-18T16:21:41 IST" skipped="0">
  <testcase classname="Test_case.Test_Case_Login" name="Login_TC_1" time="13.706"/>
  <system-out/>
  <testcase classname="Test_case.Test_Case_Login" name="Login_TC_2" time="12.937"/>
  <system-out/>
  <testcase classname="Test_case.Test_Case_Login" name="Login_TC_3" time="4.204"/>
  <system-out/>
  <testcase classname="Test_case.Test_Case_Login" name="Login_TC_4" time="25.013"/>
  <system-out/>
  <testcase classname="Test_case.Test_Case_Login" name="Login_TC_5" time="43.062"/>
  <system-out/>
</testsuite> <!-- Test_case.Test_Case_Login -->
