<?xml version="1.0" encoding="UTF-8"?>
<!-- Generated by org.testng.reporters.JUnitReportReporter -->
<testsuite hostname="DESKTOP-NQMJ256" failures="0" tests="5" name="Test_case.Test_Case_Login" time="96.450" errors="0" timestamp="2022-07-19T19:03:55 IST" skipped="0">
  <testcase classname="Test_case.Test_Case_Login" name="Login_TC_1" time="13.979"/>
  <system-out/>
  <testcase classname="Test_case.Test_Case_Login" name="Login_TC_2" time="8.320"/>
  <system-out/>
  <testcase classname="Test_case.Test_Case_Login" name="Login_TC_3" time="9.558"/>
  <system-out/>
  <testcase classname="Test_case.Test_Case_Login" name="Login_TC_4" time="21.174"/>
  <system-out/>
  <testcase classname="Test_case.Test_Case_Login" name="Login_TC_5" time="43.419"/>
  <system-out/>
</testsuite> <!-- Test_case.Test_Case_Login -->
