<?xml version="1.0" encoding="UTF-8"?>
<!-- Generated by org.testng.reporters.JUnitReportReporter -->
<testsuite hostname="DESKTOP-NQMJ256" failures="0" tests="5" name="Test_case.Test_Case_Login" time="112.919" errors="0" timestamp="2022-07-07T19:08:52 IST" skipped="0">
  <testcase classname="Test_case.Test_Case_Login" name="Login_TC_1" time="16.062"/>
  <system-out/>
  <testcase classname="Test_case.Test_Case_Login" name="Login_TC_2" time="13.352"/>
  <system-out/>
  <testcase classname="Test_case.Test_Case_Login" name="Login_TC_3" time="9.417"/>
  <system-out/>
  <testcase classname="Test_case.Test_Case_Login" name="Login_TC_4" time="27.311"/>
  <system-out/>
  <testcase classname="Test_case.Test_Case_Login" name="Login_TC_5" time="46.777"/>
  <system-out/>
</testsuite> <!-- Test_case.Test_Case_Login -->
