<?xml version="1.0" encoding="UTF-8"?>
<!-- Generated by org.testng.reporters.JUnitReportReporter -->
<testsuite hostname="DESKTOP-NQMJ256" failures="0" tests="4" name="Test_case.Test_Case_Company" time="128.500" errors="0" timestamp="2022-07-05T18:32:37 IST" skipped="0">
  <testcase classname="Test_case.Test_Case_Company" name="Comapny_TC_1" time="32.972"/>
  <system-out/>
  <testcase classname="Test_case.Test_Case_Company" name="Comapny_TC_2" time="39.735"/>
  <system-out/>
  <testcase classname="Test_case.Test_Case_Company" name="Comapny_TC_3" time="23.585"/>
  <system-out/>
  <testcase classname="Test_case.Test_Case_Company" name="Comapny_TC_4" time="32.208"/>
  <system-out/>
</testsuite> <!-- Test_case.Test_Case_Company -->
