<?xml version="1.0" encoding="UTF-8"?>
<!-- Generated by org.testng.reporters.JUnitReportReporter -->
<testsuite hostname="D225-IN" failures="0" tests="1" name="Test_case.Test_Case_Case" time="15.354" errors="0" timestamp="2022-09-14T19:19:14 IST" skipped="0">
  <testcase classname="Test_case.Test_Case_Case" name="Test_Case_Case_TC_1" time="15.354"/>
  <system-out/>
</testsuite> <!-- Test_case.Test_Case_Case -->
