<?xml version="1.0" encoding="UTF-8"?>
<!-- Generated by org.testng.reporters.JUnitReportReporter -->
<testsuite hostname="DESKTOP-NQMJ256" failures="0" tests="1" name="Test_case.Test_case_Calender" time="29.780" errors="0" timestamp="2022-08-11T16:00:13 IST" skipped="0">
  <testcase classname="Test_case.Test_case_Calender" name="Calender_TC_1" time="29.780"/>
  <system-out/>
</testsuite> <!-- Test_case.Test_case_Calender -->
