<?xml version="1.0" encoding="UTF-8"?>
<!-- Generated by org.testng.reporters.JUnitReportReporter -->
<testsuite hostname="DESKTOP-NQMJ256" failures="0" tests="5" name="Test_case.Test_case_Login" time="112.306" errors="0" timestamp="2022-07-04T18:18:16 IST" skipped="0">
  <testcase classname="Test_case.Test_case_Login" name="Login_TC_1" time="14.161"/>
  <system-out/>
  <testcase classname="Test_case.Test_case_Login" name="Login_TC_2" time="15.408"/>
  <system-out/>
  <testcase classname="Test_case.Test_case_Login" name="Login_TC_3" time="12.600"/>
  <system-out/>
  <testcase classname="Test_case.Test_case_Login" name="Login_TC_4" time="24.898"/>
  <system-out/>
  <testcase classname="Test_case.Test_case_Login" name="Login_TC_5" time="45.239"/>
  <system-out/>
</testsuite> <!-- Test_case.Test_case_Login -->
