<?xml version="1.0" encoding="UTF-8"?>
<!-- Generated by org.testng.reporters.JUnitReportReporter -->
<testsuite hostname="D225-IN" failures="0" tests="2" name="Test_case.Test_case_Calender" time="44.455" errors="0" timestamp="2022-09-22T16:31:43 IST" skipped="0">
  <testcase classname="Test_case.Test_case_Calender" name="Calender_TC_2" time="20.637"/>
  <system-out/>
  <testcase classname="Test_case.Test_case_Calender" name="Calender_TC_1" time="23.818"/>
  <system-out/>
</testsuite> <!-- Test_case.Test_case_Calender -->
