<?xml version="1.0" encoding="UTF-8"?>
<!-- Generated by org.testng.reporters.JUnitReportReporter -->
<testsuite hostname="DESKTOP-NQMJ256" failures="0" tests="2" name="Test_case.Test_Case_Task" time="27.029" errors="0" timestamp="2022-08-05T19:12:25 IST" skipped="1">
  <testcase classname="Test_case.Test_Case_Task" name="Task_TC_2" time="27.029"/>
  <system-out/>
  <testcase classname="Test_case.Test_Case_Task" name="Task_TC_1">
    <skipped/>
  </testcase> <!-- Task_TC_1 -->
  <system-out/>
</testsuite> <!-- Test_case.Test_Case_Task -->
