<?xml version="1.0" encoding="UTF-8"?>
<!-- Generated by org.testng.reporters.JUnitReportReporter -->
<testsuite hostname="DESKTOP-NQMJ256" failures="0" tests="4" name="Test_case.Test_Case_Company" time="131.066" errors="0" timestamp="2022-07-26T19:26:03 IST" skipped="0">
  <testcase classname="Test_case.Test_Case_Company" name="Comapny_TC_1" time="39.703"/>
  <system-out/>
  <testcase classname="Test_case.Test_Case_Company" name="Comapny_TC_2" time="38.807"/>
  <system-out/>
  <testcase classname="Test_case.Test_Case_Company" name="Comapny_TC_3" time="21.565"/>
  <system-out/>
  <testcase classname="Test_case.Test_Case_Company" name="Comapny_TC_4" time="30.991"/>
  <system-out/>
</testsuite> <!-- Test_case.Test_Case_Company -->
