<?xml version="1.0" encoding="UTF-8"?>
<!-- Generated by org.testng.reporters.JUnitReportReporter -->
<testsuite hostname="DESKTOP-NQMJ256" failures="0" tests="5" name="Test_case.Test_Case_Home" time="152.060" errors="0" timestamp="2022-07-04T18:18:16 IST" skipped="0">
  <testcase classname="Test_case.Test_Case_Home" name="Home_TC1" time="37.903"/>
  <system-out/>
  <testcase classname="Test_case.Test_Case_Home" name="Home_TC2" time="28.476"/>
  <system-out/>
  <testcase classname="Test_case.Test_Case_Home" name="Home_TC3" time="28.960"/>
  <system-out/>
  <testcase classname="Test_case.Test_Case_Home" name="Home_TC4" time="28.374"/>
  <system-out/>
  <testcase classname="Test_case.Test_Case_Home" name="Home_TC5" time="28.347"/>
  <system-out/>
</testsuite> <!-- Test_case.Test_Case_Home -->
