<?xml version="1.0" encoding="UTF-8"?>
<!-- Generated by org.testng.reporters.JUnitReportReporter -->
<testsuite hostname="DESKTOP-NQMJ256" failures="0" tests="5" name="Test_case.Test_Case_Home" time="98.863" errors="0" timestamp="2022-07-18T16:21:41 IST" skipped="0">
  <testcase classname="Test_case.Test_Case_Home" name="Home_TC1" time="25.912"/>
  <system-out/>
  <testcase classname="Test_case.Test_Case_Home" name="Home_TC2" time="17.945"/>
  <system-out/>
  <testcase classname="Test_case.Test_Case_Home" name="Home_TC3" time="17.988"/>
  <system-out/>
  <testcase classname="Test_case.Test_Case_Home" name="Home_TC4" time="18.265"/>
  <system-out/>
  <testcase classname="Test_case.Test_Case_Home" name="Home_TC5" time="18.753"/>
  <system-out/>
</testsuite> <!-- Test_case.Test_Case_Home -->
