<?xml version="1.0" encoding="UTF-8"?>
<!-- Generated by org.testng.reporters.JUnitReportReporter -->
<testsuite hostname="DESKTOP-NQMJ256" failures="0" tests="4" name="Test_case.Test_Case_Company" time="106.618" errors="0" timestamp="2022-07-18T16:21:41 IST" skipped="0">
  <testcase classname="Test_case.Test_Case_Company" name="Comapny_TC_1" time="29.092"/>
  <system-out/>
  <testcase classname="Test_case.Test_Case_Company" name="Comapny_TC_2" time="35.924"/>
  <system-out/>
  <testcase classname="Test_case.Test_Case_Company" name="Comapny_TC_3" time="16.315"/>
  <system-out/>
  <testcase classname="Test_case.Test_Case_Company" name="Comapny_TC_4" time="25.287"/>
  <system-out/>
</testsuite> <!-- Test_case.Test_Case_Company -->
