<?xml version="1.0" encoding="UTF-8"?>
<!-- Generated by org.testng.reporters.JUnitReportReporter -->
<testsuite hostname="DESKTOP-NQMJ256" failures="0" tests="3" name="Test_case.Test_Case_Login" time="85.134" errors="0" timestamp="2022-08-11T14:50:18 IST" skipped="0">
  <testcase classname="Test_case.Test_Case_Login" name="Login_TC_6" time="28.519"/>
  <system-out/>
  <testcase classname="Test_case.Test_Case_Login" name="Login_TC_6" time="27.664"/>
  <system-out/>
  <testcase classname="Test_case.Test_Case_Login" name="Login_TC_6" time="28.951"/>
  <system-out/>
</testsuite> <!-- Test_case.Test_Case_Login -->
