<?xml version="1.0" encoding="UTF-8"?>
<!-- Generated by org.testng.reporters.JUnitReportReporter -->
<testsuite hostname="D225-IN" failures="0" tests="1" name="Test_case.Test_case_Calender" time="24.338" errors="0" timestamp="2022-10-11T13:07:17 IST" skipped="0">
  <testcase classname="Test_case.Test_case_Calender" name="Calender_TC_1" time="24.338"/>
  <system-out/>
</testsuite> <!-- Test_case.Test_case_Calender -->
