<?xml version="1.0" encoding="UTF-8"?>
<!-- Generated by org.testng.reporters.JUnitReportReporter -->
<testsuite hostname="D225-IN" failures="0" tests="3" name="Test_case.Test_Case_Case" time="0.000" errors="0" timestamp="2022-09-22T17:49:20 IST" skipped="3">
  <testcase classname="Test_case.Test_Case_Case" name="Test_Case_Case_TC_2" time="0.000">
    <skipped/>
  </testcase> <!-- Test_Case_Case_TC_2 -->
  <system-out/>
  <testcase classname="Test_case.Test_Case_Case" name="Test_Case_Case_TC_1">
    <skipped/>
  </testcase> <!-- Test_Case_Case_TC_1 -->
  <system-out/>
  <testcase classname="Test_case.Test_Case_Case" name="Test_Case_Case_TC_2">
    <skipped/>
  </testcase> <!-- Test_Case_Case_TC_2 -->
  <system-out/>
</testsuite> <!-- Test_case.Test_Case_Case -->
