<?xml version="1.0" encoding="UTF-8"?>
<!-- Generated by org.testng.reporters.JUnitReportReporter -->
<testsuite hostname="DESKTOP-NQMJ256" failures="0" tests="1" name="Test_case.Test_case_Calender" time="30.857" errors="0" timestamp="2022-08-08T18:51:36 IST" skipped="0">
  <testcase classname="Test_case.Test_case_Calender" name="Calender_TC_1" time="30.857"/>
  <system-out/>
</testsuite> <!-- Test_case.Test_case_Calender -->
