<?xml version="1.0" encoding="UTF-8"?>
<!-- Generated by org.testng.reporters.JUnitReportReporter -->
<testsuite hostname="DESKTOP-NQMJ256" failures="0" tests="5" name="Test_case.Test_case_Login" time="112.064" errors="0" timestamp="2022-06-10T16:40:17 IST" skipped="0">
  <testcase classname="Test_case.Test_case_Login" name="TC_1" time="18.147"/>
  <system-out/>
  <testcase classname="Test_case.Test_case_Login" name="TC_2" time="12.913"/>
  <system-out/>
  <testcase classname="Test_case.Test_case_Login" name="TC_3" time="6.731"/>
  <system-out/>
  <testcase classname="Test_case.Test_case_Login" name="TC_4" time="34.564"/>
  <system-out/>
  <testcase classname="Test_case.Test_case_Login" name="TC_5" time="39.709"/>
  <system-out/>
</testsuite> <!-- Test_case.Test_case_Login -->
