<?xml version="1.0" encoding="UTF-8"?>
<!-- Generated by org.testng.reporters.JUnitReportReporter -->
<testsuite hostname="DESKTOP-NQMJ256" failures="0" tests="4" name="Test_case.Test_Case_Company" time="48.474" errors="0" timestamp="2022-07-11T18:16:37 IST" skipped="3">
  <testcase classname="Test_case.Test_Case_Company" name="Comapny_TC_2" time="48.474"/>
  <system-out/>
  <testcase classname="Test_case.Test_Case_Company" name="Comapny_TC_3">
    <skipped/>
  </testcase> <!-- Comapny_TC_3 -->
  <system-out/>
  <testcase classname="Test_case.Test_Case_Company" name="Comapny_TC_1">
    <skipped/>
  </testcase> <!-- Comapny_TC_1 -->
  <system-out/>
  <testcase classname="Test_case.Test_Case_Company" name="Comapny_TC_4">
    <skipped/>
  </testcase> <!-- Comapny_TC_4 -->
  <system-out/>
</testsuite> <!-- Test_case.Test_Case_Company -->
