<?xml version="1.0" encoding="UTF-8"?>
<!-- Generated by org.testng.reporters.JUnitReportReporter -->
<testsuite hostname="DESKTOP-NQMJ256" failures="0" tests="5" name="Test_case.Test_Case_Home" time="120.046" errors="0" timestamp="2022-07-26T19:26:03 IST" skipped="0">
  <testcase classname="Test_case.Test_Case_Home" name="Home_TC1" time="30.693"/>
  <system-out/>
  <testcase classname="Test_case.Test_Case_Home" name="Home_TC2" time="20.693"/>
  <system-out/>
  <testcase classname="Test_case.Test_Case_Home" name="Home_TC3" time="23.347"/>
  <system-out/>
  <testcase classname="Test_case.Test_Case_Home" name="Home_TC4" time="22.922"/>
  <system-out/>
  <testcase classname="Test_case.Test_Case_Home" name="Home_TC5" time="22.391"/>
  <system-out/>
</testsuite> <!-- Test_case.Test_Case_Home -->
