<?xml version="1.0" encoding="UTF-8"?>
<!-- Generated by org.testng.reporters.JUnitReportReporter -->
<testsuite hostname="DESKTOP-NQMJ256" failures="0" tests="5" name="Test_case.Test_case_Login" time="112.759" errors="0" timestamp="2022-07-05T18:32:37 IST" skipped="0">
  <testcase classname="Test_case.Test_case_Login" name="Login_TC_1" time="16.987"/>
  <system-out/>
  <testcase classname="Test_case.Test_case_Login" name="Login_TC_2" time="15.397"/>
  <system-out/>
  <testcase classname="Test_case.Test_case_Login" name="Login_TC_3" time="6.856"/>
  <system-out/>
  <testcase classname="Test_case.Test_case_Login" name="Login_TC_4" time="28.364"/>
  <system-out/>
  <testcase classname="Test_case.Test_case_Login" name="Login_TC_5" time="45.155"/>
  <system-out/>
</testsuite> <!-- Test_case.Test_case_Login -->
