<?xml version="1.0" encoding="UTF-8"?>
<!-- Generated by org.testng.reporters.JUnitReportReporter -->
<testsuite hostname="DESKTOP-NQMJ256" failures="0" tests="3" name="Test_case.Test_Case_Contact" time="128.287" errors="0" timestamp="2022-07-04T18:18:16 IST" skipped="0">
  <testcase classname="Test_case.Test_Case_Contact" name="Contact_TC_2" time="44.272"/>
  <system-out/>
  <testcase classname="Test_case.Test_Case_Contact" name="Contact_TC_1" time="35.708"/>
  <system-out/>
  <testcase classname="Test_case.Test_Case_Contact" name="Contact_TC_3" time="48.307"/>
  <system-out/>
</testsuite> <!-- Test_case.Test_Case_Contact -->
