<?xml version="1.0" encoding="UTF-8"?>
<!-- Generated by org.testng.reporters.JUnitReportReporter -->
<testsuite hostname="DESKTOP-NQMJ256" failures="0" tests="4" name="Test_case.Test_Case_Contact" time="41.632" errors="0" timestamp="2022-07-18T16:21:41 IST" skipped="3">
  <testcase classname="Test_case.Test_Case_Contact" name="Contact_TC_2" time="41.632"/>
  <system-out/>
  <testcase classname="Test_case.Test_Case_Contact" name="Contact_TC_3">
    <skipped/>
  </testcase> <!-- Contact_TC_3 -->
  <system-out/>
  <testcase classname="Test_case.Test_Case_Contact" name="Contact_TC_1">
    <skipped/>
  </testcase> <!-- Contact_TC_1 -->
  <system-out/>
  <testcase classname="Test_case.Test_Case_Contact" name="Contact_TC_4">
    <skipped/>
  </testcase> <!-- Contact_TC_4 -->
  <system-out/>
</testsuite> <!-- Test_case.Test_Case_Contact -->
