<?xml version="1.0" encoding="UTF-8"?>
<!-- Generated by org.testng.reporters.JUnitReportReporter -->
<testsuite hostname="DESKTOP-NQMJ256" failures="0" tests="4" name="Test_case.Test_Case_Company" time="140.387" errors="0" timestamp="2022-07-07T19:08:52 IST" skipped="0">
  <testcase classname="Test_case.Test_Case_Company" name="Comapny_TC_1" time="35.796"/>
  <system-out/>
  <testcase classname="Test_case.Test_Case_Company" name="Comapny_TC_2" time="45.092"/>
  <system-out/>
  <testcase classname="Test_case.Test_Case_Company" name="Comapny_TC_3" time="25.558"/>
  <system-out/>
  <testcase classname="Test_case.Test_Case_Company" name="Comapny_TC_4" time="33.941"/>
  <system-out/>
</testsuite> <!-- Test_case.Test_Case_Company -->
