<?xml version="1.0" encoding="UTF-8"?>
<!-- Generated by org.testng.reporters.JUnitReportReporter -->
<testsuite hostname="DESKTOP-NQMJ256" failures="0" tests="1" name="Test_case.Test_Case_Task" time="50.453" errors="0" timestamp="2022-07-26T19:26:03 IST" skipped="0">
  <testcase classname="Test_case.Test_Case_Task" name="Task_TC_2" time="50.453"/>
  <system-out/>
</testsuite> <!-- Test_case.Test_Case_Task -->
