<?xml version="1.0" encoding="UTF-8"?>
<!-- Generated by org.testng.reporters.JUnitReportReporter -->
<testsuite hostname="D225-IN" failures="0" tests="4" name="Test_case.Test_Case_Contact" time="119.954" errors="0" timestamp="2022-09-22T16:31:43 IST" skipped="0">
  <testcase classname="Test_case.Test_Case_Contact" name="Contact_TC_1" time="31.563"/>
  <system-out/>
  <testcase classname="Test_case.Test_Case_Contact" name="Contact_TC_2" time="35.063"/>
  <system-out/>
  <testcase classname="Test_case.Test_Case_Contact" name="Contact_TC_3" time="22.540"/>
  <system-out/>
  <testcase classname="Test_case.Test_Case_Contact" name="Contact_TC_4" time="30.788"/>
  <system-out/>
</testsuite> <!-- Test_case.Test_Case_Contact -->
