<?xml version="1.0" encoding="UTF-8"?>
<!-- Generated by org.testng.reporters.JUnitReportReporter -->
<testsuite hostname="D225-IN" failures="0" tests="4" name="Test_case.Test_Case_Company" time="110.707" errors="0" timestamp="2022-09-22T16:31:43 IST" skipped="0">
  <testcase classname="Test_case.Test_Case_Company" name="Comapny_TC_1" time="29.359"/>
  <system-out/>
  <testcase classname="Test_case.Test_Case_Company" name="Comapny_TC_2" time="37.384"/>
  <system-out/>
  <testcase classname="Test_case.Test_Case_Company" name="Comapny_TC_3" time="16.966"/>
  <system-out/>
  <testcase classname="Test_case.Test_Case_Company" name="Comapny_TC_4" time="26.998"/>
  <system-out/>
</testsuite> <!-- Test_case.Test_Case_Company -->
