<?xml version="1.0" encoding="UTF-8"?>
<!-- Generated by org.testng.reporters.JUnitReportReporter -->
<testsuite hostname="DESKTOP-NQMJ256" failures="0" tests="5" name="Test_case.Test_case_Login" time="108.595" errors="0" timestamp="2022-06-21T18:49:12 IST" skipped="0">
  <testcase classname="Test_case.Test_case_Login" name="TC_1" time="17.002"/>
  <system-out/>
  <testcase classname="Test_case.Test_case_Login" name="TC_2" time="16.663"/>
  <system-out/>
  <testcase classname="Test_case.Test_case_Login" name="TC_3" time="7.618"/>
  <system-out/>
  <testcase classname="Test_case.Test_case_Login" name="TC_4" time="27.269"/>
  <system-out/>
  <testcase classname="Test_case.Test_case_Login" name="TC_5" time="40.043"/>
  <system-out/>
</testsuite> <!-- Test_case.Test_case_Login -->
