<?xml version="1.0" encoding="UTF-8"?>
<!-- Generated by org.testng.reporters.JUnitReportReporter -->
<testsuite hostname="D225-IN" failures="0" tests="5" name="Test_case.Test_Case_Deals" time="117.528" errors="0" timestamp="2022-09-22T17:07:30 IST" skipped="0">
  <testcase classname="Test_case.Test_Case_Deals" name="Deals_page_TC_1" time="20.647"/>
  <system-out/>
  <testcase classname="Test_case.Test_Case_Deals" name="Deals_page_TC_2" time="30.211"/>
  <system-out/>
  <testcase classname="Test_case.Test_Case_Deals" name="Deals_page_TC_3" time="23.371"/>
  <system-out/>
  <testcase classname="Test_case.Test_Case_Deals" name="Deals_page_TC_6" time="20.015"/>
  <system-out/>
  <testcase classname="Test_case.Test_Case_Deals" name="Deals_page_TC_7" time="23.284"/>
  <system-out/>
</testsuite> <!-- Test_case.Test_Case_Deals -->
