<?xml version="1.0" encoding="UTF-8"?>
<!-- Generated by org.testng.reporters.JUnitReportReporter -->
<testsuite hostname="D225-IN" failures="0" tests="1" name="Test_case.Test_Case_Case" time="13.221" errors="0" timestamp="2022-09-19T19:37:51 IST" skipped="0">
  <testcase classname="Test_case.Test_Case_Case" name="Test_Case_Case_TC_1" time="13.221"/>
  <system-out/>
</testsuite> <!-- Test_case.Test_Case_Case -->
