<?xml version="1.0" encoding="UTF-8"?>
<!-- Generated by org.testng.reporters.JUnitReportReporter -->
<testsuite hostname="D225-IN" failures="0" tests="5" name="Test_case.Test_Case_Home" time="110.608" errors="0" timestamp="2022-09-22T16:31:43 IST" skipped="0">
  <testcase classname="Test_case.Test_Case_Home" name="Home_TC1" time="28.948"/>
  <system-out/>
  <testcase classname="Test_case.Test_Case_Home" name="Home_TC2" time="20.293"/>
  <system-out/>
  <testcase classname="Test_case.Test_Case_Home" name="Home_TC3" time="20.329"/>
  <system-out/>
  <testcase classname="Test_case.Test_Case_Home" name="Home_TC4" time="20.150"/>
  <system-out/>
  <testcase classname="Test_case.Test_Case_Home" name="Home_TC5" time="20.888"/>
  <system-out/>
</testsuite> <!-- Test_case.Test_Case_Home -->
