<?xml version="1.0" encoding="UTF-8"?>
<!-- Generated by org.testng.reporters.JUnitReportReporter -->
<testsuite hostname="D225-IN" failures="0" tests="8" name="Test_case.Test_Case_Login" time="130.266" errors="0" timestamp="2022-09-22T16:31:43 IST" skipped="0">
  <testcase classname="Test_case.Test_Case_Login" name="Login_TC_1" time="7.807"/>
  <system-out/>
  <testcase classname="Test_case.Test_Case_Login" name="Login_TC_2" time="8.472"/>
  <system-out/>
  <testcase classname="Test_case.Test_Case_Login" name="Login_TC_6" time="23.025"/>
  <system-out/>
  <testcase classname="Test_case.Test_Case_Login" name="Login_TC_6" time="22.893"/>
  <system-out/>
  <testcase classname="Test_case.Test_Case_Login" name="Login_TC_6" time="22.440"/>
  <system-out/>
  <testcase classname="Test_case.Test_Case_Login" name="Login_TC_3" time="5.605"/>
  <system-out/>
  <testcase classname="Test_case.Test_Case_Login" name="Login_TC_4" time="16.167"/>
  <system-out/>
  <testcase classname="Test_case.Test_Case_Login" name="Login_TC_5" time="23.857"/>
  <system-out/>
</testsuite> <!-- Test_case.Test_Case_Login -->
