<?xml version="1.0" encoding="UTF-8"?>
<!-- Generated by org.testng.reporters.JUnitReportReporter -->
<testsuite hostname="DESKTOP-NQMJ256" failures="0" tests="2" name="Test_case.Test_Case_Contact" time="39.978" errors="0" timestamp="2022-07-11T16:12:03 IST" skipped="1">
  <testcase classname="Test_case.Test_Case_Contact" name="Contact_TC_1" time="39.978"/>
  <system-out/>
  <testcase classname="Test_case.Test_Case_Contact" name="Contact_TC_2" time="0.000">
    <skipped/>
  </testcase> <!-- Contact_TC_2 -->
  <system-out/>
</testsuite> <!-- Test_case.Test_Case_Contact -->
