<?xml version="1.0" encoding="UTF-8"?>
<!-- Generated by org.testng.reporters.JUnitReportReporter -->
<testsuite hostname="DESKTOP-NQMJ256" failures="0" tests="1" name="Test_case.Test_Case_Deals" time="37.680" errors="0" timestamp="2022-07-08T18:11:46 IST" skipped="0">
  <testcase classname="Test_case.Test_Case_Deals" name="Deals_page_TC_2" time="37.680"/>
  <system-out/>
</testsuite> <!-- Test_case.Test_Case_Deals -->
