<?xml version="1.0" encoding="UTF-8"?>
<!-- Generated by org.testng.reporters.JUnitReportReporter -->
<testsuite hostname="DESKTOP-NQMJ256" failures="0" tests="4" name="Test_case.Test_Case_Contact" time="126.715" errors="0" timestamp="2022-08-12T16:30:35 IST" skipped="0">
  <testcase classname="Test_case.Test_Case_Contact" name="Contact_TC_1" time="32.308"/>
  <system-out/>
  <testcase classname="Test_case.Test_Case_Contact" name="Contact_TC_2" time="37.955"/>
  <system-out/>
  <testcase classname="Test_case.Test_Case_Contact" name="Contact_TC_3" time="22.738"/>
  <system-out/>
  <testcase classname="Test_case.Test_Case_Contact" name="Contact_TC_4" time="33.714"/>
  <system-out/>
</testsuite> <!-- Test_case.Test_Case_Contact -->
