<?xml version="1.0" encoding="UTF-8"?>
<!-- Generated by org.testng.reporters.JUnitReportReporter -->
<testsuite hostname="DESKTOP-NQMJ256" failures="0" tests="3" name="Test_case.Test_Case_Contact" time="83.990" errors="0" timestamp="2022-06-29T19:04:01 IST" skipped="1">
  <testcase classname="Test_case.Test_Case_Contact" name="TC_1" time="37.495"/>
  <system-out/>
  <testcase classname="Test_case.Test_Case_Contact" name="TC_2" time="46.495"/>
  <system-out/>
  <testcase classname="Test_case.Test_Case_Contact" name="TC_3">
    <skipped/>
  </testcase> <!-- TC_3 -->
  <system-out/>
</testsuite> <!-- Test_case.Test_Case_Contact -->
