<?xml version="1.0" encoding="UTF-8"?>
<!-- Generated by org.testng.reporters.JUnitReportReporter -->
<testsuite hostname="DESKTOP-NQMJ256" failures="0" tests="5" name="Test_case.Test_Case_Home" time="143.083" errors="0" timestamp="2022-07-07T19:08:52 IST" skipped="0">
  <testcase classname="Test_case.Test_Case_Home" name="Home_TC1" time="35.155"/>
  <system-out/>
  <testcase classname="Test_case.Test_Case_Home" name="Home_TC2" time="26.541"/>
  <system-out/>
  <testcase classname="Test_case.Test_Case_Home" name="Home_TC3" time="27.080"/>
  <system-out/>
  <testcase classname="Test_case.Test_Case_Home" name="Home_TC4" time="27.369"/>
  <system-out/>
  <testcase classname="Test_case.Test_Case_Home" name="Home_TC5" time="26.938"/>
  <system-out/>
</testsuite> <!-- Test_case.Test_Case_Home -->
